<?xml version="1.0" encoding="UTF-8"?>
<!-- Generated by org.testng.reporters.JUnitReportReporter -->
<testsuite hostname="Violet-Beast" failures="0" tests="1" name="com.yash.testcases.Testcases" time="58.345" errors="0" timestamp="2022-03-11T01:42:24 IST" skipped="0">
  <testcase classname="com.yash.testcases.Testcases" name="Usertest" time="58.345"/>
  <system-out/>
</testsuite> <!-- com.yash.testcases.Testcases -->
